2026.04.20 23:12:32 WARN  Using H2 2.4.240 which is newer than the version Flyway has been verified with. The latest verified version of H2 is 2.3.232.
2026.04.20 23:12:32 INFO  no build target found for C:\Users\Jherson Silva\Documents\Dental-Elite2\Backend\clinica-odontologica\src\main\java\com\DentalElite\clinica_odontologica\Repository\PacienteRepository.java. Using fallback presentation compiler.
abr 20, 2026 11:12:33 P. M. org.eclipse.lsp4j.jsonrpc.RemoteEndpoint handleCancellation
WARNING: Unmatched cancel notification for request id 2
2026.04.20 23:12:33 INFO  no build target found for C:\Users\Jherson Silva\Documents\Dental-Elite2\Backend\clinica-odontologica\src\main\java\com\DentalElite\clinica_odontologica\Repository\PacienteRepository.java. Using fallback presentation compiler.
2026.04.20 23:12:33 INFO  no build target found for C:\Users\Jherson Silva\Documents\Dental-Elite2\Backend\clinica-odontologica\src\main\java\com\DentalElite\clinica_odontologica\Repository\PacienteRepository.java. Using fallback presentation compiler.
2026.04.20 23:12:34 WARN  no build tool detected in workspace 'C:\Users\Jherson Silva\Documents\Dental-Elite2'. The most common cause for this problem is that the editor was opened in the wrong working directory, for example if you use sbt then the workspace directory should contain build.sbt. 
2026.04.20 23:12:33 INFO  no build target found for C:\Users\Jherson Silva\Documents\Dental-Elite2\Backend\clinica-odontologica\src\main\java\com\DentalElite\clinica_odontologica\Repository\PacienteRepository.java. Using fallback presentation compiler.
2026.04.20 23:12:33 INFO  no build target found for C:\Users\Jherson Silva\Documents\Dental-Elite2\Backend\clinica-odontologica\src\main\java\com\DentalElite\clinica_odontologica\Repository\PacienteRepository.java. Using fallback presentation compiler.
2026.04.20 23:12:34 WARN  Build server is not auto-connectable.
abr 20, 2026 11:12:34 P. M. org.eclipse.lsp4j.jsonrpc.RemoteEndpoint handleCancellation
WARNING: Unmatched cancel notification for request id 7
abr 20, 2026 11:12:34 P. M. org.eclipse.lsp4j.jsonrpc.RemoteEndpoint handleCancellation
WARNING: Unmatched cancel notification for request id 8
abr 20, 2026 11:12:34 P. M. org.eclipse.lsp4j.jsonrpc.RemoteEndpoint handleCancellation
WARNING: Unmatched cancel notification for request id 9
2026.04.20 23:12:34 WARN  no build target for: C:\Users\Jherson Silva\Documents\Dental-Elite2\Backend\clinica-odontologica\src\main\java\com\DentalElite\clinica_odontologica\Repository\PacienteRepository.java
2026.04.20 23:12:34 INFO  no build target found for C:\Users\Jherson Silva\Documents\Dental-Elite2\Backend\clinica-odontologica\src\main\java\com\DentalElite\clinica_odontologica\Repository\PacienteRepository.java. Using fallback presentation compiler.
2026.04.20 23:12:35 INFO  no build target found for C:\Users\Jherson Silva\Documents\Dental-Elite2\Backend\clinica-odontologica\src\main\java\com\DentalElite\clinica_odontologica\Repository\PacienteRepository.java. Using fallback presentation compiler.
2026.04.20 23:12:36 WARN  Running javac-semanticdb failed for file:///C:/Users/Jherson%20Silva/Documents/Dental-Elite2/Backend/clinica-odontologica/src/main/java/com/DentalElite/clinica_odontologica/Repository/PacienteRepository.java. Output:

2026.04.20 23:12:36 INFO  time: code lens generation in 2.43s
2026.04.20 23:12:36 INFO  time: code lens generation in 2.38s
2026.04.20 23:12:37 INFO  no build target found for C:\Users\Jherson Silva\Documents\Dental-Elite2\Backend\clinica-odontologica\src\main\java\com\DentalElite\clinica_odontologica\Repository\PacienteRepository.java. Using fallback presentation compiler.
2026.04.20 23:12:39 INFO  no build target found for C:\Users\Jherson Silva\Documents\Dental-Elite2\Backend\clinica-odontologica\src\main\java\com\DentalElite\clinica_odontologica\Repository\PacienteRepository.java. Using fallback presentation compiler.
2026.04.20 23:12:39 INFO  no build target found for C:\Users\Jherson Silva\Documents\Dental-Elite2\Backend\clinica-odontologica\src\main\java\com\DentalElite\clinica_odontologica\Repository\PacienteRepository.java. Using fallback presentation compiler.
2026.04.20 23:13:37 INFO  no build target found for C:\Users\Jherson Silva\Documents\Dental-Elite2\Backend\clinica-odontologica\src\main\java\com\DentalElite\clinica_odontologica\Repository\PacienteRepository.java. Using fallback presentation compiler.
2026.04.20 23:14:28 INFO  no build target found for C:\Users\Jherson Silva\Documents\Dental-Elite2\Backend\clinica-odontologica\src\main\java\com\DentalElite\clinica_odontologica\Repository\PacienteRepository.java. Using fallback presentation compiler.
2026.04.20 23:14:29 INFO  no build target found for C:\Users\Jherson Silva\Documents\Dental-Elite2\Backend\clinica-odontologica\src\main\java\com\DentalElite\clinica_odontologica\Repository\PacienteRepository.java. Using fallback presentation compiler.
2026.04.20 23:14:30 INFO  no build target found for C:\Users\Jherson Silva\Documents\Dental-Elite2\Backend\clinica-odontologica\src\main\java\com\DentalElite\clinica_odontologica\Repository\PacienteRepository.java. Using fallback presentation compiler.
2026.04.20 23:14:30 INFO  no build target found for C:\Users\Jherson Silva\Documents\Dental-Elite2\Backend\clinica-odontologica\src\main\java\com\DentalElite\clinica_odontologica\Repository\PacienteRepository.java. Using fallback presentation compiler.
2026.04.20 23:14:44 INFO  no build target found for C:\Users\Jherson Silva\Documents\Dental-Elite2\Backend\clinica-odontologica\src\main\java\com\DentalElite\clinica_odontologica\Repository\PacienteRepository.java. Using fallback presentation compiler.
2026.04.20 23:14:52 INFO  no build target found for C:\Users\Jherson Silva\Documents\Dental-Elite2\Backend\clinica-odontologica\src\main\java\com\DentalElite\clinica_odontologica\Repository\PacienteRepository.java. Using fallback presentation compiler.
2026.04.20 23:14:52 INFO  no build target found for C:\Users\Jherson Silva\Documents\Dental-Elite2\Backend\clinica-odontologica\src\main\java\com\DentalElite\clinica_odontologica\Repository\PacienteRepository.java. Using fallback presentation compiler.
2026.04.20 23:14:52 INFO  no build target found for C:\Users\Jherson Silva\Documents\Dental-Elite2\Backend\clinica-odontologica\src\main\java\com\DentalElite\clinica_odontologica\Repository\PacienteRepository.java. Using fallback presentation compiler.
2026.04.20 23:14:52 INFO  no build target found for C:\Users\Jherson Silva\Documents\Dental-Elite2\Backend\clinica-odontologica\src\main\java\com\DentalElite\clinica_odontologica\Repository\PacienteRepository.java. Using fallback presentation compiler.
2026.04.20 23:14:53 WARN  Running javac-semanticdb failed for file:///C:/Users/Jherson%20Silva/Documents/Dental-Elite2/Backend/clinica-odontologica/src/main/java/com/DentalElite/clinica_odontologica/Repository/PacienteRepository.java. Output:

2026.04.20 23:14:53 WARN  no build target for: C:\Users\Jherson Silva\Documents\Dental-Elite2\Backend\clinica-odontologica\src\main\java\com\DentalElite\clinica_odontologica\Repository\PacienteRepository.java
2026.04.20 23:14:54 INFO  no build target found for C:\Users\Jherson Silva\Documents\Dental-Elite2\Backend\clinica-odontologica\src\main\java\com\DentalElite\clinica_odontologica\Repository\PacienteRepository.java. Using fallback presentation compiler.
2026.04.20 23:14:53 INFO  Created report: Optional[file:///C:/Users/Jherson%20Silva/Documents/Dental-Elite2/Backend/clinica-odontologica/src/main/java/com/DentalElite/clinica_odontologica/Repository/PacienteRepository.java]
2026.04.20 23:14:53 INFO  QDox parse error in file:///C:/Users/Jherson%20Silva/Documents/Dental-Elite2/Backend/clinica-odontologica/src/main/java/com/DentalElite/clinica_odontologica/Repository/PacienteRepository.java (full report at: "C:\Users\Jherson Silva\Documents\Dental-Elite2\.metals\.reports\metals-full\2026-04-20\r_qdox-error_23-14-54-089.md")
2026.04.20 23:14:54 INFO  no build target found for C:\Users\Jherson Silva\Documents\Dental-Elite2\Backend\clinica-odontologica\src\main\java\com\DentalElite\clinica_odontologica\Repository\PacienteRepository.java. Using fallback presentation compiler.
2026.04.20 23:14:54 INFO  no build target found for C:\Users\Jherson Silva\Documents\Dental-Elite2\Backend\clinica-odontologica\src\main\java\com\DentalElite\clinica_odontologica\Repository\PacienteRepository.java. Using fallback presentation compiler.
2026.04.20 23:14:54 INFO  no build target found for C:\Users\Jherson Silva\Documents\Dental-Elite2\Backend\clinica-odontologica\src\main\java\com\DentalElite\clinica_odontologica\Repository\PacienteRepository.java. Using fallback presentation compiler.
abr 20, 2026 11:14:54 P. M. org.eclipse.lsp4j.jsonrpc.RemoteEndpoint handleCancellation
WARNING: Unmatched cancel notification for request id 39
2026.04.20 23:14:54 INFO  no build target found for C:\Users\Jherson Silva\Documents\Dental-Elite2\Backend\clinica-odontologica\src\main\java\com\DentalElite\clinica_odontologica\Repository\PacienteRepository.java. Using fallback presentation compiler.
2026.04.20 23:14:54 WARN  Running javac-semanticdb failed for file:///C:/Users/Jherson%20Silva/Documents/Dental-Elite2/Backend/clinica-odontologica/src/main/java/com/DentalElite/clinica_odontologica/Repository/PacienteRepository.java. Output:

2026.04.20 23:14:54 INFO  no build target found for C:\Users\Jherson Silva\Documents\Dental-Elite2\Backend\clinica-odontologica\src\main\java\com\DentalElite\clinica_odontologica\Repository\PacienteRepository.java. Using fallback presentation compiler.
2026.04.20 23:14:54 INFO  no build target found for C:\Users\Jherson Silva\Documents\Dental-Elite2\Backend\clinica-odontologica\src\main\java\com\DentalElite\clinica_odontologica\Repository\PacienteRepository.java. Using fallback presentation compiler.
2026.04.20 23:14:55 WARN  no build target for: C:\Users\Jherson Silva\Documents\Dental-Elite2\Backend\clinica-odontologica\src\main\java\com\DentalElite\clinica_odontologica\Repository\PacienteRepository.java
2026.04.20 23:14:55 INFO  no build target found for C:\Users\Jherson Silva\Documents\Dental-Elite2\Backend\clinica-odontologica\src\main\java\com\DentalElite\clinica_odontologica\Repository\PacienteRepository.java. Using fallback presentation compiler.
2026.04.20 23:14:55 INFO  no build target found for C:\Users\Jherson Silva\Documents\Dental-Elite2\Backend\clinica-odontologica\src\main\java\com\DentalElite\clinica_odontologica\Repository\PacienteRepository.java. Using fallback presentation compiler.
2026.04.20 23:14:55 INFO  no build target found for C:\Users\Jherson Silva\Documents\Dental-Elite2\Backend\clinica-odontologica\src\main\java\com\DentalElite\clinica_odontologica\Repository\PacienteRepository.java. Using fallback presentation compiler.
2026.04.20 23:14:57 INFO  no build target found for C:\Users\Jherson Silva\Documents\Dental-Elite2\Backend\clinica-odontologica\src\main\java\com\DentalElite\clinica_odontologica\Repository\PacienteRepository.java. Using fallback presentation compiler.
2026.04.20 23:14:57 INFO  no build target found for C:\Users\Jherson Silva\Documents\Dental-Elite2\Backend\clinica-odontologica\src\main\java\com\DentalElite\clinica_odontologica\Repository\PacienteRepository.java. Using fallback presentation compiler.
2026.04.20 23:14:59 INFO  no build target found for C:\Users\Jherson Silva\Documents\Dental-Elite2\Backend\clinica-odontologica\src\main\java\com\DentalElite\clinica_odontologica\Repository\PacienteRepository.java. Using fallback presentation compiler.
2026.04.20 23:15:00 INFO  no build target found for C:\Users\Jherson Silva\Documents\Dental-Elite2\Backend\clinica-odontologica\src\main\java\com\DentalElite\clinica_odontologica\Repository\PacienteRepository.java. Using fallback presentation compiler.
2026.04.20 23:15:00 WARN  Running javac-semanticdb failed for file:///C:/Users/Jherson%20Silva/Documents/Dental-Elite2/Backend/clinica-odontologica/src/main/java/com/DentalElite/clinica_odontologica/Repository/PacienteRepository.java. Output:

2026.04.20 23:15:01 WARN  no build target for: C:\Users\Jherson Silva\Documents\Dental-Elite2\Backend\clinica-odontologica\src\main\java\com\DentalElite\clinica_odontologica\Repository\PacienteRepository.java
2026.04.20 23:15:01 INFO  no build target found for C:\Users\Jherson Silva\Documents\Dental-Elite2\Backend\clinica-odontologica\src\main\java\com\DentalElite\clinica_odontologica\Repository\PacienteRepository.java. Using fallback presentation compiler.
2026.04.20 23:16:24 WARN  no build target for: C:\Users\Jherson Silva\Documents\Dental-Elite2\Backend\clinica-odontologica\src\main\java\com\DentalElite\clinica_odontologica\Controller\AuthController.java
2026.04.20 23:16:24 WARN  Running javac-semanticdb failed for file:///C:/Users/Jherson%20Silva/Documents/Dental-Elite2/Backend/clinica-odontologica/src/main/java/com/DentalElite/clinica_odontologica/Controller/AuthController.java. Output:

2026.04.20 23:16:24 INFO  no build target found for C:\Users\Jherson Silva\Documents\Dental-Elite2\Backend\clinica-odontologica\src\main\java\com\DentalElite\clinica_odontologica\Controller\AuthController.java. Using fallback presentation compiler.
2026.04.20 23:16:24 INFO  no build target found for C:\Users\Jherson Silva\Documents\Dental-Elite2\Backend\clinica-odontologica\src\main\java\com\DentalElite\clinica_odontologica\Controller\AuthController.java. Using fallback presentation compiler.
2026.04.20 23:16:24 INFO  no build target found for C:\Users\Jherson Silva\Documents\Dental-Elite2\Backend\clinica-odontologica\src\main\java\com\DentalElite\clinica_odontologica\Controller\AuthController.java. Using fallback presentation compiler.
abr 20, 2026 11:16:25 P. M. org.eclipse.lsp4j.jsonrpc.RemoteEndpoint handleCancellation
WARNING: Unmatched cancel notification for request id 65
abr 20, 2026 11:16:25 P. M. org.eclipse.lsp4j.jsonrpc.RemoteEndpoint handleCancellation
WARNING: Unmatched cancel notification for request id 66
2026.04.20 23:16:24 INFO  no build target found for C:\Users\Jherson Silva\Documents\Dental-Elite2\Backend\clinica-odontologica\src\main\java\com\DentalElite\clinica_odontologica\Controller\AuthController.java. Using fallback presentation compiler.
2026.04.20 23:16:25 INFO  no build target found for C:\Users\Jherson Silva\Documents\Dental-Elite2\Backend\clinica-odontologica\src\main\java\com\DentalElite\clinica_odontologica\Controller\AuthController.java. Using fallback presentation compiler.
2026.04.20 23:16:24 INFO  no build target found for C:\Users\Jherson Silva\Documents\Dental-Elite2\Backend\clinica-odontologica\src\main\java\com\DentalElite\clinica_odontologica\Controller\AuthController.java. Using fallback presentation compiler.
2026.04.20 23:16:25 WARN  no build target for: C:\Users\Jherson Silva\Documents\Dental-Elite2\Backend\clinica-odontologica\src\main\java\com\DentalElite\clinica_odontologica\Controller\AuthController.java
2026.04.20 23:16:25 INFO  no build target found for C:\Users\Jherson Silva\Documents\Dental-Elite2\Backend\clinica-odontologica\src\main\java\com\DentalElite\clinica_odontologica\Controller\AuthController.java. Using fallback presentation compiler.
2026.04.20 23:16:25 WARN  Running javac-semanticdb failed for file:///C:/Users/Jherson%20Silva/Documents/Dental-Elite2/Backend/clinica-odontologica/src/main/java/com/DentalElite/clinica_odontologica/Controller/AuthController.java. Output:

2026.04.20 23:16:26 INFO  no build target found for C:\Users\Jherson Silva\Documents\Dental-Elite2\Backend\clinica-odontologica\src\main\java\com\DentalElite\clinica_odontologica\Repository\PacienteRepository.java. Using fallback presentation compiler.
2026.04.20 23:16:42 INFO  no build target found for C:\Users\Jherson Silva\Documents\Dental-Elite2\Backend\clinica-odontologica\src\main\java\com\DentalElite\clinica_odontologica\Controller\AuthController.java. Using fallback presentation compiler.
2026.04.20 23:16:42 INFO  no build target found for C:\Users\Jherson Silva\Documents\Dental-Elite2\Backend\clinica-odontologica\src\main\java\com\DentalElite\clinica_odontologica\Controller\AuthController.java. Using fallback presentation compiler.
2026.04.20 23:16:42 INFO  no build target found for C:\Users\Jherson Silva\Documents\Dental-Elite2\Backend\clinica-odontologica\src\main\java\com\DentalElite\clinica_odontologica\Controller\AuthController.java. Using fallback presentation compiler.
2026.04.20 23:16:42 INFO  no build target found for C:\Users\Jherson Silva\Documents\Dental-Elite2\Backend\clinica-odontologica\src\main\java\com\DentalElite\clinica_odontologica\Controller\AuthController.java. Using fallback presentation compiler.
2026.04.20 23:16:42 WARN  Running javac-semanticdb failed for file:///C:/Users/Jherson%20Silva/Documents/Dental-Elite2/Backend/clinica-odontologica/src/main/java/com/DentalElite/clinica_odontologica/Controller/AuthController.java. Output:

2026.04.20 23:16:42 INFO  no build target found for C:\Users\Jherson Silva\Documents\Dental-Elite2\Backend\clinica-odontologica\src\main\java\com\DentalElite\clinica_odontologica\Controller\AuthController.java. Using fallback presentation compiler.
2026.04.20 23:16:43 INFO  no build target found for C:\Users\Jherson Silva\Documents\Dental-Elite2\Backend\clinica-odontologica\src\main\java\com\DentalElite\clinica_odontologica\Controller\AuthController.java. Using fallback presentation compiler.
2026.04.20 23:16:43 WARN  Running javac-semanticdb failed for file:///C:/Users/Jherson%20Silva/Documents/Dental-Elite2/Backend/clinica-odontologica/src/main/java/com/DentalElite/clinica_odontologica/Controller/AuthController.java. Output:

2026.04.20 23:16:43 INFO  no build target found for C:\Users\Jherson Silva\Documents\Dental-Elite2\Backend\clinica-odontologica\src\main\java\com\DentalElite\clinica_odontologica\Controller\AuthController.java. Using fallback presentation compiler.
2026.04.20 23:16:43 INFO  no build target found for C:\Users\Jherson Silva\Documents\Dental-Elite2\Backend\clinica-odontologica\src\main\java\com\DentalElite\clinica_odontologica\Controller\AuthController.java. Using fallback presentation compiler.
2026.04.20 23:16:43 WARN  no build target for: C:\Users\Jherson Silva\Documents\Dental-Elite2\Backend\clinica-odontologica\src\main\java\com\DentalElite\clinica_odontologica\Controller\AuthController.java
2026.04.20 23:16:43 INFO  no build target found for C:\Users\Jherson Silva\Documents\Dental-Elite2\Backend\clinica-odontologica\src\main\java\com\DentalElite\clinica_odontologica\Controller\AuthController.java. Using fallback presentation compiler.
2026.04.20 23:16:45 INFO  no build target found for C:\Users\Jherson Silva\Documents\Dental-Elite2\Backend\clinica-odontologica\src\main\java\com\DentalElite\clinica_odontologica\Controller\AuthController.java. Using fallback presentation compiler.
2026.04.20 23:16:45 INFO  no build target found for C:\Users\Jherson Silva\Documents\Dental-Elite2\Backend\clinica-odontologica\src\main\java\com\DentalElite\clinica_odontologica\Controller\AuthController.java. Using fallback presentation compiler.
2026.04.20 23:16:49 INFO  no build target found for C:\Users\Jherson Silva\Documents\Dental-Elite2\Backend\clinica-odontologica\src\main\java\com\DentalElite\clinica_odontologica\Controller\AuthController.java. Using fallback presentation compiler.
2026.04.20 23:16:50 INFO  no build target found for C:\Users\Jherson Silva\Documents\Dental-Elite2\Backend\clinica-odontologica\src\main\java\com\DentalElite\clinica_odontologica\Controller\AuthController.java. Using fallback presentation compiler.
2026.04.20 23:16:56 INFO  no build target found for C:\Users\Jherson Silva\Documents\Dental-Elite2\Backend\clinica-odontologica\src\main\java\com\DentalElite\clinica_odontologica\Controller\AuthController.java. Using fallback presentation compiler.
2026.04.20 23:16:57 INFO  no build target found for C:\Users\Jherson Silva\Documents\Dental-Elite2\Backend\clinica-odontologica\src\main\java\com\DentalElite\clinica_odontologica\Controller\AuthController.java. Using fallback presentation compiler.
2026.04.20 23:17:00 INFO  no build target found for C:\Users\Jherson Silva\Documents\Dental-Elite2\Backend\clinica-odontologica\src\main\java\com\DentalElite\clinica_odontologica\Controller\AuthController.java. Using fallback presentation compiler.
2026.04.20 23:17:05 INFO  no build target found for C:\Users\Jherson Silva\Documents\Dental-Elite2\Backend\clinica-odontologica\src\main\java\com\DentalElite\clinica_odontologica\Controller\AuthController.java. Using fallback presentation compiler.
2026.04.20 23:17:05 INFO  no build target found for C:\Users\Jherson Silva\Documents\Dental-Elite2\Backend\clinica-odontologica\src\main\java\com\DentalElite\clinica_odontologica\Controller\AuthController.java. Using fallback presentation compiler.
2026.04.20 23:17:07 INFO  no build target found for C:\Users\Jherson Silva\Documents\Dental-Elite2\Backend\clinica-odontologica\src\main\java\com\DentalElite\clinica_odontologica\Controller\AuthController.java. Using fallback presentation compiler.
2026.04.20 23:17:07 INFO  no build target found for C:\Users\Jherson Silva\Documents\Dental-Elite2\Backend\clinica-odontologica\src\main\java\com\DentalElite\clinica_odontologica\Controller\AuthController.java. Using fallback presentation compiler.
2026.04.20 23:17:07 INFO  no build target found for C:\Users\Jherson Silva\Documents\Dental-Elite2\Backend\clinica-odontologica\src\main\java\com\DentalElite\clinica_odontologica\Controller\AuthController.java. Using fallback presentation compiler.
2026.04.20 23:17:09 INFO  no build target found for C:\Users\Jherson Silva\Documents\Dental-Elite2\Backend\clinica-odontologica\src\main\java\com\DentalElite\clinica_odontologica\Controller\AuthController.java. Using fallback presentation compiler.
2026.04.20 23:17:09 INFO  no build target found for C:\Users\Jherson Silva\Documents\Dental-Elite2\Backend\clinica-odontologica\src\main\java\com\DentalElite\clinica_odontologica\Controller\AuthController.java. Using fallback presentation compiler.
2026.04.20 23:17:14 INFO  no build target found for C:\Users\Jherson Silva\Documents\Dental-Elite2\Backend\clinica-odontologica\src\main\java\com\DentalElite\clinica_odontologica\Controller\AuthController.java. Using fallback presentation compiler.
2026.04.20 23:17:14 INFO  no build target found for C:\Users\Jherson Silva\Documents\Dental-Elite2\Backend\clinica-odontologica\src\main\java\com\DentalElite\clinica_odontologica\Controller\AuthController.java. Using fallback presentation compiler.
2026.04.20 23:17:14 INFO  no build target found for C:\Users\Jherson Silva\Documents\Dental-Elite2\Backend\clinica-odontologica\src\main\java\com\DentalElite\clinica_odontologica\Controller\AuthController.java. Using fallback presentation compiler.
2026.04.20 23:17:17 INFO  no build target found for C:\Users\Jherson Silva\Documents\Dental-Elite2\Backend\clinica-odontologica\src\main\java\com\DentalElite\clinica_odontologica\Controller\AuthController.java. Using fallback presentation compiler.
2026.04.20 23:17:17 INFO  no build target found for C:\Users\Jherson Silva\Documents\Dental-Elite2\Backend\clinica-odontologica\src\main\java\com\DentalElite\clinica_odontologica\Controller\AuthController.java. Using fallback presentation compiler.
2026.04.20 23:17:18 INFO  no build target found for C:\Users\Jherson Silva\Documents\Dental-Elite2\Backend\clinica-odontologica\src\main\java\com\DentalElite\clinica_odontologica\Controller\AuthController.java. Using fallback presentation compiler.
2026.04.20 23:17:25 INFO  no build target found for C:\Users\Jherson Silva\Documents\Dental-Elite2\Backend\clinica-odontologica\src\main\java\com\DentalElite\clinica_odontologica\Controller\AuthController.java. Using fallback presentation compiler.
2026.04.20 23:17:25 WARN  no build target for: C:\Users\Jherson Silva\Documents\Dental-Elite2\Backend\clinica-odontologica\src\main\java\com\DentalElite\clinica_odontologica\Controller\AuthController.java
2026.04.20 23:17:25 INFO  no build target found for C:\Users\Jherson Silva\Documents\Dental-Elite2\Backend\clinica-odontologica\src\main\java\com\DentalElite\clinica_odontologica\Controller\AuthController.java. Using fallback presentation compiler.
abr 20, 2026 11:17:25 P. M. org.eclipse.lsp4j.jsonrpc.RemoteEndpoint handleCancellation
WARNING: Unmatched cancel notification for request id 120
2026.04.20 23:17:25 INFO  no build target found for C:\Users\Jherson Silva\Documents\Dental-Elite2\Backend\clinica-odontologica\src\main\java\com\DentalElite\clinica_odontologica\Controller\AuthController.java. Using fallback presentation compiler.
2026.04.20 23:17:25 INFO  no build target found for C:\Users\Jherson Silva\Documents\Dental-Elite2\Backend\clinica-odontologica\src\main\java\com\DentalElite\clinica_odontologica\Controller\AuthController.java. Using fallback presentation compiler.
2026.04.20 23:17:25 INFO  no build target found for C:\Users\Jherson Silva\Documents\Dental-Elite2\Backend\clinica-odontologica\src\main\java\com\DentalElite\clinica_odontologica\Controller\AuthController.java. Using fallback presentation compiler.
2026.04.20 23:17:25 INFO  no build target found for C:\Users\Jherson Silva\Documents\Dental-Elite2\Backend\clinica-odontologica\src\main\java\com\DentalElite\clinica_odontologica\Controller\AuthController.java. Using fallback presentation compiler.
2026.04.20 23:17:26 INFO  no build target found for C:\Users\Jherson Silva\Documents\Dental-Elite2\Backend\clinica-odontologica\src\main\java\com\DentalElite\clinica_odontologica\Controller\AuthController.java. Using fallback presentation compiler.
2026.04.20 23:17:26 INFO  no build target found for C:\Users\Jherson Silva\Documents\Dental-Elite2\Backend\clinica-odontologica\src\main\java\com\DentalElite\clinica_odontologica\Controller\AuthController.java. Using fallback presentation compiler.
2026.04.20 23:17:28 INFO  no build target found for C:\Users\Jherson Silva\Documents\Dental-Elite2\Backend\clinica-odontologica\src\main\java\com\DentalElite\clinica_odontologica\Controller\AuthController.java. Using fallback presentation compiler.
2026.04.20 23:17:28 INFO  no build target found for C:\Users\Jherson Silva\Documents\Dental-Elite2\Backend\clinica-odontologica\src\main\java\com\DentalElite\clinica_odontologica\Controller\AuthController.java. Using fallback presentation compiler.
2026.04.20 23:17:34 INFO  no build target found for C:\Users\Jherson Silva\Documents\Dental-Elite2\Backend\clinica-odontologica\src\main\java\com\DentalElite\clinica_odontologica\Controller\AuthController.java. Using fallback presentation compiler.
2026.04.20 23:17:34 INFO  no build target found for C:\Users\Jherson Silva\Documents\Dental-Elite2\Backend\clinica-odontologica\src\main\java\com\DentalElite\clinica_odontologica\Controller\AuthController.java. Using fallback presentation compiler.
2026.04.20 23:17:34 INFO  no build target found for C:\Users\Jherson Silva\Documents\Dental-Elite2\Backend\clinica-odontologica\src\main\java\com\DentalElite\clinica_odontologica\Controller\AuthController.java. Using fallback presentation compiler.
2026.04.20 23:17:36 INFO  no build target found for C:\Users\Jherson Silva\Documents\Dental-Elite2\Backend\clinica-odontologica\src\main\java\com\DentalElite\clinica_odontologica\Controller\AuthController.java. Using fallback presentation compiler.
2026.04.20 23:17:38 INFO  no build target found for C:\Users\Jherson Silva\Documents\Dental-Elite2\Backend\clinica-odontologica\src\main\java\com\DentalElite\clinica_odontologica\Controller\AuthController.java. Using fallback presentation compiler.
2026.04.20 23:17:38 INFO  no build target found for C:\Users\Jherson Silva\Documents\Dental-Elite2\Backend\clinica-odontologica\src\main\java\com\DentalElite\clinica_odontologica\Controller\AuthController.java. Using fallback presentation compiler.
2026.04.20 23:17:38 INFO  no build target found for C:\Users\Jherson Silva\Documents\Dental-Elite2\Backend\clinica-odontologica\src\main\java\com\DentalElite\clinica_odontologica\Controller\AuthController.java. Using fallback presentation compiler.
2026.04.20 23:17:38 INFO  no build target found for C:\Users\Jherson Silva\Documents\Dental-Elite2\Backend\clinica-odontologica\src\main\java\com\DentalElite\clinica_odontologica\Controller\AuthController.java. Using fallback presentation compiler.
2026.04.20 23:17:39 INFO  no build target found for C:\Users\Jherson Silva\Documents\Dental-Elite2\Backend\clinica-odontologica\src\main\java\com\DentalElite\clinica_odontologica\Controller\AuthController.java. Using fallback presentation compiler.
2026.04.20 23:17:39 INFO  no build target found for C:\Users\Jherson Silva\Documents\Dental-Elite2\Backend\clinica-odontologica\src\main\java\com\DentalElite\clinica_odontologica\Controller\AuthController.java. Using fallback presentation compiler.
2026.04.20 23:17:39 INFO  no build target found for C:\Users\Jherson Silva\Documents\Dental-Elite2\Backend\clinica-odontologica\src\main\java\com\DentalElite\clinica_odontologica\Controller\AuthController.java. Using fallback presentation compiler.
2026.04.20 23:17:39 INFO  no build target found for C:\Users\Jherson Silva\Documents\Dental-Elite2\Backend\clinica-odontologica\src\main\java\com\DentalElite\clinica_odontologica\Controller\AuthController.java. Using fallback presentation compiler.
2026.04.20 23:17:39 INFO  no build target found for C:\Users\Jherson Silva\Documents\Dental-Elite2\Backend\clinica-odontologica\src\main\java\com\DentalElite\clinica_odontologica\Controller\AuthController.java. Using fallback presentation compiler.
2026.04.20 23:17:40 INFO  no build target found for C:\Users\Jherson Silva\Documents\Dental-Elite2\Backend\clinica-odontologica\src\main\java\com\DentalElite\clinica_odontologica\Controller\AuthController.java. Using fallback presentation compiler.
2026.04.20 23:17:40 WARN  Running javac-semanticdb failed for file:///C:/Users/Jherson%20Silva/Documents/Dental-Elite2/Backend/clinica-odontologica/src/main/java/com/DentalElite/clinica_odontologica/Controller/AuthController.java. Output:

2026.04.20 23:17:40 INFO  no build target found for C:\Users\Jherson Silva\Documents\Dental-Elite2\Backend\clinica-odontologica\src\main\java\com\DentalElite\clinica_odontologica\Controller\AuthController.java. Using fallback presentation compiler.
2026.04.20 23:17:41 WARN  no build target for: C:\Users\Jherson Silva\Documents\Dental-Elite2\Backend\clinica-odontologica\src\main\java\com\DentalElite\clinica_odontologica\Controller\AuthController.java
2026.04.20 23:17:41 INFO  Created report: Optional[file:///C:/Users/Jherson%20Silva/Documents/Dental-Elite2/Backend/clinica-odontologica/src/main/java/com/DentalElite/clinica_odontologica/Controller/AuthController.java]
2026.04.20 23:17:41 INFO  QDox parse error in file:///C:/Users/Jherson%20Silva/Documents/Dental-Elite2/Backend/clinica-odontologica/src/main/java/com/DentalElite/clinica_odontologica/Controller/AuthController.java (full report at: "C:\Users\Jherson Silva\Documents\Dental-Elite2\.metals\.reports\metals-full\2026-04-20\r_qdox-error_23-17-41-284.md")
2026.04.20 23:17:41 INFO  no build target found for C:\Users\Jherson Silva\Documents\Dental-Elite2\Backend\clinica-odontologica\src\main\java\com\DentalElite\clinica_odontologica\Controller\AuthController.java. Using fallback presentation compiler.
2026.04.20 23:17:42 INFO  no build target found for C:\Users\Jherson Silva\Documents\Dental-Elite2\Backend\clinica-odontologica\src\main\java\com\DentalElite\clinica_odontologica\Controller\AuthController.java. Using fallback presentation compiler.
2026.04.20 23:17:42 INFO  no build target found for C:\Users\Jherson Silva\Documents\Dental-Elite2\Backend\clinica-odontologica\src\main\java\com\DentalElite\clinica_odontologica\Controller\AuthController.java. Using fallback presentation compiler.
2026.04.20 23:17:42 WARN  Running javac-semanticdb failed for file:///C:/Users/Jherson%20Silva/Documents/Dental-Elite2/Backend/clinica-odontologica/src/main/java/com/DentalElite/clinica_odontologica/Controller/AuthController.java. Output:

2026.04.20 23:17:42 INFO  no build target found for C:\Users\Jherson Silva\Documents\Dental-Elite2\Backend\clinica-odontologica\src\main\java\com\DentalElite\clinica_odontologica\Controller\AuthController.java. Using fallback presentation compiler.
2026.04.20 23:17:42 INFO  no build target found for C:\Users\Jherson Silva\Documents\Dental-Elite2\Backend\clinica-odontologica\src\main\java\com\DentalElite\clinica_odontologica\Controller\AuthController.java. Using fallback presentation compiler.
2026.04.20 23:17:42 INFO  no build target found for C:\Users\Jherson Silva\Documents\Dental-Elite2\Backend\clinica-odontologica\src\main\java\com\DentalElite\clinica_odontologica\Controller\AuthController.java. Using fallback presentation compiler.
2026.04.20 23:17:42 WARN  no build target for: C:\Users\Jherson Silva\Documents\Dental-Elite2\Backend\clinica-odontologica\src\main\java\com\DentalElite\clinica_odontologica\Controller\AuthController.java
2026.04.20 23:17:43 INFO  no build target found for C:\Users\Jherson Silva\Documents\Dental-Elite2\Backend\clinica-odontologica\src\main\java\com\DentalElite\clinica_odontologica\Controller\AuthController.java. Using fallback presentation compiler.
2026.04.20 23:17:44 INFO  no build target found for C:\Users\Jherson Silva\Documents\Dental-Elite2\Backend\clinica-odontologica\src\main\java\com\DentalElite\clinica_odontologica\Controller\AuthController.java. Using fallback presentation compiler.
2026.04.20 23:17:47 INFO  no build target found for C:\Users\Jherson Silva\Documents\Dental-Elite2\Backend\clinica-odontologica\src\main\java\com\DentalElite\clinica_odontologica\Controller\AuthController.java. Using fallback presentation compiler.
2026.04.20 23:17:47 INFO  no build target found for C:\Users\Jherson Silva\Documents\Dental-Elite2\Backend\clinica-odontologica\src\main\java\com\DentalElite\clinica_odontologica\Controller\AuthController.java. Using fallback presentation compiler.
2026.04.20 23:17:48 INFO  no build target found for C:\Users\Jherson Silva\Documents\Dental-Elite2\Backend\clinica-odontologica\src\main\java\com\DentalElite\clinica_odontologica\Controller\AuthController.java. Using fallback presentation compiler.
2026.04.20 23:17:48 INFO  no build target found for C:\Users\Jherson Silva\Documents\Dental-Elite2\Backend\clinica-odontologica\src\main\java\com\DentalElite\clinica_odontologica\Controller\AuthController.java. Using fallback presentation compiler.
2026.04.20 23:17:48 INFO  no build target found for C:\Users\Jherson Silva\Documents\Dental-Elite2\Backend\clinica-odontologica\src\main\java\com\DentalElite\clinica_odontologica\Controller\AuthController.java. Using fallback presentation compiler.
2026.04.20 23:17:48 INFO  no build target found for C:\Users\Jherson Silva\Documents\Dental-Elite2\Backend\clinica-odontologica\src\main\java\com\DentalElite\clinica_odontologica\Controller\AuthController.java. Using fallback presentation compiler.
2026.04.20 23:17:49 INFO  no build target found for C:\Users\Jherson Silva\Documents\Dental-Elite2\Backend\clinica-odontologica\src\main\java\com\DentalElite\clinica_odontologica\Controller\AuthController.java. Using fallback presentation compiler.
2026.04.20 23:17:49 WARN  Running javac-semanticdb failed for file:///C:/Users/Jherson%20Silva/Documents/Dental-Elite2/Backend/clinica-odontologica/src/main/java/com/DentalElite/clinica_odontologica/Controller/AuthController.java. Output:

2026.04.20 23:17:50 WARN  no build target for: C:\Users\Jherson Silva\Documents\Dental-Elite2\Backend\clinica-odontologica\src\main\java\com\DentalElite\clinica_odontologica\Controller\AuthController.java
2026.04.20 23:17:49 INFO  QDox parse error in file:///C:/Users/Jherson%20Silva/Documents/Dental-Elite2/Backend/clinica-odontologica/src/main/java/com/DentalElite/clinica_odontologica/Controller/AuthController.java (full report at: "C:\Users\Jherson Silva\Documents\Dental-Elite2\.metals\.reports\metals-full\2026-04-20\r_qdox-error_23-17-41-284.md")
2026.04.20 23:17:50 INFO  no build target found for C:\Users\Jherson Silva\Documents\Dental-Elite2\Backend\clinica-odontologica\src\main\java\com\DentalElite\clinica_odontologica\Controller\AuthController.java. Using fallback presentation compiler.
2026.04.20 23:17:55 INFO  no build target found for c:\Users\Jherson Silva\Documents\Dental-Elite2\Backend\clinica-odontologica\src\main\java\com\DentalElite\clinica_odontologica\Controller\AuthController.java. Using fallback presentation compiler.
2026.04.20 23:18:13 WARN  no build target for: C:\Users\Jherson Silva\Documents\Dental-Elite2\Backend\clinica-odontologica\src\main\java\com\DentalElite\clinica_odontologica\Controller\AuthController.java
2026.04.20 23:18:13 WARN  Running javac-semanticdb failed for file:///C:/Users/Jherson%20Silva/Documents/Dental-Elite2/Backend/clinica-odontologica/src/main/java/com/DentalElite/clinica_odontologica/Controller/AuthController.java. Output:

2026.04.20 23:18:13 INFO  no build target found for C:\Users\Jherson Silva\Documents\Dental-Elite2\Backend\clinica-odontologica\src\main\java\com\DentalElite\clinica_odontologica\Controller\AuthController.java. Using fallback presentation compiler.
2026.04.20 23:18:14 INFO  no build target found for C:\Users\Jherson Silva\Documents\Dental-Elite2\Backend\clinica-odontologica\src\main\java\com\DentalElite\clinica_odontologica\Controller\AuthController.java. Using fallback presentation compiler.
2026.04.20 23:18:14 INFO  no build target found for C:\Users\Jherson Silva\Documents\Dental-Elite2\Backend\clinica-odontologica\src\main\java\com\DentalElite\clinica_odontologica\Controller\AuthController.java. Using fallback presentation compiler.
abr 20, 2026 11:18:14 P. M. org.eclipse.lsp4j.jsonrpc.RemoteEndpoint handleCancellation
WARNING: Unmatched cancel notification for request id 186
2026.04.20 23:18:14 INFO  no build target found for C:\Users\Jherson Silva\Documents\Dental-Elite2\Backend\clinica-odontologica\src\main\java\com\DentalElite\clinica_odontologica\Controller\AuthController.java. Using fallback presentation compiler.
2026.04.20 23:18:13 INFO  no build target found for C:\Users\Jherson Silva\Documents\Dental-Elite2\Backend\clinica-odontologica\src\main\java\com\DentalElite\clinica_odontologica\Controller\AuthController.java. Using fallback presentation compiler.
2026.04.20 23:18:14 INFO  no build target found for C:\Users\Jherson Silva\Documents\Dental-Elite2\Backend\clinica-odontologica\src\main\java\com\DentalElite\clinica_odontologica\Controller\AuthController.java. Using fallback presentation compiler.
2026.04.20 23:18:15 WARN  no build target for: C:\Users\Jherson Silva\Documents\Dental-Elite2\Backend\clinica-odontologica\src\main\java\com\DentalElite\clinica_odontologica\Controller\AuthController.java
2026.04.20 23:18:15 INFO  no build target found for C:\Users\Jherson Silva\Documents\Dental-Elite2\Backend\clinica-odontologica\src\main\java\com\DentalElite\clinica_odontologica\Controller\AuthController.java. Using fallback presentation compiler.
2026.04.20 23:18:15 WARN  Running javac-semanticdb failed for file:///C:/Users/Jherson%20Silva/Documents/Dental-Elite2/Backend/clinica-odontologica/src/main/java/com/DentalElite/clinica_odontologica/Controller/AuthController.java. Output:

2026.04.20 23:18:18 INFO  no build target found for C:\Users\Jherson Silva\Documents\Dental-Elite2\Backend\clinica-odontologica\src\main\java\com\DentalElite\clinica_odontologica\Controller\AuthController.java. Using fallback presentation compiler.
2026.04.20 23:18:18 INFO  no build target found for C:\Users\Jherson Silva\Documents\Dental-Elite2\Backend\clinica-odontologica\src\main\java\com\DentalElite\clinica_odontologica\Controller\AuthController.java. Using fallback presentation compiler.
2026.04.20 23:18:18 INFO  no build target found for C:\Users\Jherson Silva\Documents\Dental-Elite2\Backend\clinica-odontologica\src\main\java\com\DentalElite\clinica_odontologica\Controller\AuthController.java. Using fallback presentation compiler.
2026.04.20 23:18:33 WARN  no build target for: C:\Users\Jherson Silva\Documents\Dental-Elite2\Backend\clinica-odontologica\src\main\java\com\DentalElite\clinica_odontologica\Repository\PacienteRepository.java
2026.04.20 23:18:33 INFO  no build target found for C:\Users\Jherson Silva\Documents\Dental-Elite2\Backend\clinica-odontologica\src\main\java\com\DentalElite\clinica_odontologica\Repository\PacienteRepository.java. Using fallback presentation compiler.
2026.04.20 23:18:33 WARN  Running javac-semanticdb failed for file:///C:/Users/Jherson%20Silva/Documents/Dental-Elite2/Backend/clinica-odontologica/src/main/java/com/DentalElite/clinica_odontologica/Repository/PacienteRepository.java. Output:

2026.04.20 23:18:33 INFO  no build target found for C:\Users\Jherson Silva\Documents\Dental-Elite2\Backend\clinica-odontologica\src\main\java\com\DentalElite\clinica_odontologica\Repository\PacienteRepository.java. Using fallback presentation compiler.
abr 20, 2026 11:18:33 P. M. org.eclipse.lsp4j.jsonrpc.RemoteEndpoint handleCancellation
WARNING: Unmatched cancel notification for request id 201
2026.04.20 23:18:33 INFO  no build target found for C:\Users\Jherson Silva\Documents\Dental-Elite2\Backend\clinica-odontologica\src\main\java\com\DentalElite\clinica_odontologica\Repository\PacienteRepository.java. Using fallback presentation compiler.
2026.04.20 23:18:34 WARN  no build target for: C:\Users\Jherson Silva\Documents\Dental-Elite2\Backend\clinica-odontologica\src\main\java\com\DentalElite\clinica_odontologica\Repository\UsuarioRepository.java
2026.04.20 23:18:33 INFO  no build target found for C:\Users\Jherson Silva\Documents\Dental-Elite2\Backend\clinica-odontologica\src\main\java\com\DentalElite\clinica_odontologica\Repository\UsuarioRepository.java. Using fallback presentation compiler.
2026.04.20 23:18:34 INFO  no build target found for C:\Users\Jherson Silva\Documents\Dental-Elite2\Backend\clinica-odontologica\src\main\java\com\DentalElite\clinica_odontologica\Repository\UsuarioRepository.java. Using fallback presentation compiler.
2026.04.20 23:18:33 WARN  Running javac-semanticdb failed for file:///C:/Users/Jherson%20Silva/Documents/Dental-Elite2/Backend/clinica-odontologica/src/main/java/com/DentalElite/clinica_odontologica/Repository/UsuarioRepository.java. Output:

2026.04.20 23:18:33 INFO  no build target found for C:\Users\Jherson Silva\Documents\Dental-Elite2\Backend\clinica-odontologica\src\main\java\com\DentalElite\clinica_odontologica\Repository\UsuarioRepository.java. Using fallback presentation compiler.
2026.04.20 23:18:34 INFO  no build target found for C:\Users\Jherson Silva\Documents\Dental-Elite2\Backend\clinica-odontologica\src\main\java\com\DentalElite\clinica_odontologica\Repository\UsuarioRepository.java. Using fallback presentation compiler.
2026.04.20 23:18:34 INFO  no build target found for C:\Users\Jherson Silva\Documents\Dental-Elite2\Backend\clinica-odontologica\src\main\java\com\DentalElite\clinica_odontologica\Repository\UsuarioRepository.java. Using fallback presentation compiler.
2026.04.20 23:18:38 INFO  no build target found for C:\Users\Jherson Silva\Documents\Dental-Elite2\Backend\clinica-odontologica\src\main\java\com\DentalElite\clinica_odontologica\Controller\AuthController.java. Using fallback presentation compiler.
2026.04.20 23:18:38 WARN  no build target for: C:\Users\Jherson Silva\Documents\Dental-Elite2\Backend\clinica-odontologica\src\main\java\com\DentalElite\clinica_odontologica\Controller\AuthController.java
abr 20, 2026 11:18:38 P. M. org.eclipse.lsp4j.jsonrpc.RemoteEndpoint handleCancellation
WARNING: Unmatched cancel notification for request id 217
2026.04.20 23:18:38 INFO  no build target found for C:\Users\Jherson Silva\Documents\Dental-Elite2\Backend\clinica-odontologica\src\main\java\com\DentalElite\clinica_odontologica\Controller\AuthController.java. Using fallback presentation compiler.
2026.04.20 23:18:39 INFO  no build target found for C:\Users\Jherson Silva\Documents\Dental-Elite2\Backend\clinica-odontologica\src\main\java\com\DentalElite\clinica_odontologica\Controller\AuthController.java. Using fallback presentation compiler.
2026.04.20 23:18:45 INFO  no build target found for C:\Users\Jherson Silva\Documents\Dental-Elite2\Backend\clinica-odontologica\src\main\java\com\DentalElite\clinica_odontologica\Controller\AuthController.java. Using fallback presentation compiler.
2026.04.20 23:18:45 INFO  no build target found for C:\Users\Jherson Silva\Documents\Dental-Elite2\Backend\clinica-odontologica\src\main\java\com\DentalElite\clinica_odontologica\Controller\AuthController.java. Using fallback presentation compiler.
2026.04.20 23:18:45 INFO  no build target found for C:\Users\Jherson Silva\Documents\Dental-Elite2\Backend\clinica-odontologica\src\main\java\com\DentalElite\clinica_odontologica\Controller\AuthController.java. Using fallback presentation compiler.
2026.04.20 23:18:46 WARN  Running javac-semanticdb failed for file:///C:/Users/Jherson%20Silva/Documents/Dental-Elite2/Backend/clinica-odontologica/src/main/java/com/DentalElite/clinica_odontologica/Controller/AuthController.java. Output:

2026.04.20 23:18:46 INFO  no build target found for C:\Users\Jherson Silva\Documents\Dental-Elite2\Backend\clinica-odontologica\src\main\java\com\DentalElite\clinica_odontologica\Controller\AuthController.java. Using fallback presentation compiler.
2026.04.20 23:18:46 INFO  no build target found for C:\Users\Jherson Silva\Documents\Dental-Elite2\Backend\clinica-odontologica\src\main\java\com\DentalElite\clinica_odontologica\Controller\AuthController.java. Using fallback presentation compiler.
2026.04.20 23:18:46 INFO  no build target found for C:\Users\Jherson Silva\Documents\Dental-Elite2\Backend\clinica-odontologica\src\main\java\com\DentalElite\clinica_odontologica\Controller\AuthController.java. Using fallback presentation compiler.
2026.04.20 23:18:46 WARN  Running javac-semanticdb failed for file:///C:/Users/Jherson%20Silva/Documents/Dental-Elite2/Backend/clinica-odontologica/src/main/java/com/DentalElite/clinica_odontologica/Controller/AuthController.java. Output:

2026.04.20 23:18:46 INFO  no build target found for C:\Users\Jherson Silva\Documents\Dental-Elite2\Backend\clinica-odontologica\src\main\java\com\DentalElite\clinica_odontologica\Controller\AuthController.java. Using fallback presentation compiler.
2026.04.20 23:18:46 WARN  no build target for: C:\Users\Jherson Silva\Documents\Dental-Elite2\Backend\clinica-odontologica\src\main\java\com\DentalElite\clinica_odontologica\Controller\AuthController.java
2026.04.20 23:18:47 INFO  no build target found for C:\Users\Jherson Silva\Documents\Dental-Elite2\Backend\clinica-odontologica\src\main\java\com\DentalElite\clinica_odontologica\Controller\AuthController.java. Using fallback presentation compiler.
2026.04.20 23:18:51 INFO  no build target found for C:\Users\Jherson Silva\Documents\Dental-Elite2\Backend\clinica-odontologica\src\main\java\com\DentalElite\clinica_odontologica\Controller\AuthController.java. Using fallback presentation compiler.
abr 20, 2026 11:18:51 P. M. org.eclipse.lsp4j.jsonrpc.RemoteEndpoint handleCancellation
WARNING: Unmatched cancel notification for request id 241
2026.04.20 23:18:51 INFO  no build target found for C:\Users\Jherson Silva\Documents\Dental-Elite2\Backend\clinica-odontologica\src\main\java\com\DentalElite\clinica_odontologica\Controller\AuthController.java. Using fallback presentation compiler.
2026.04.20 23:18:53 INFO  no build target found for C:\Users\Jherson Silva\Documents\Dental-Elite2\Backend\clinica-odontologica\src\main\java\com\DentalElite\clinica_odontologica\Controller\AuthController.java. Using fallback presentation compiler.
abr 20, 2026 11:18:53 P. M. org.eclipse.lsp4j.jsonrpc.RemoteEndpoint handleCancellation
WARNING: Unmatched cancel notification for request id 243
2026.04.20 23:18:53 INFO  no build target found for C:\Users\Jherson Silva\Documents\Dental-Elite2\Backend\clinica-odontologica\src\main\java\com\DentalElite\clinica_odontologica\Controller\AuthController.java. Using fallback presentation compiler.
abr 20, 2026 11:18:53 P. M. org.eclipse.lsp4j.jsonrpc.RemoteEndpoint handleCancellation
WARNING: Unmatched cancel notification for request id 244
2026.04.20 23:18:53 INFO  no build target found for C:\Users\Jherson Silva\Documents\Dental-Elite2\Backend\clinica-odontologica\src\main\java\com\DentalElite\clinica_odontologica\Controller\AuthController.java. Using fallback presentation compiler.
2026.04.20 23:18:56 INFO  no build target found for C:\Users\Jherson Silva\Documents\Dental-Elite2\Backend\clinica-odontologica\src\main\java\com\DentalElite\clinica_odontologica\Controller\AuthController.java. Using fallback presentation compiler.
2026.04.20 23:18:56 INFO  no build target found for C:\Users\Jherson Silva\Documents\Dental-Elite2\Backend\clinica-odontologica\src\main\java\com\DentalElite\clinica_odontologica\Controller\AuthController.java. Using fallback presentation compiler.
2026.04.20 23:18:57 INFO  no build target found for C:\Users\Jherson Silva\Documents\Dental-Elite2\Backend\clinica-odontologica\src\main\java\com\DentalElite\clinica_odontologica\Controller\AuthController.java. Using fallback presentation compiler.
2026.04.20 23:18:57 INFO  no build target found for C:\Users\Jherson Silva\Documents\Dental-Elite2\Backend\clinica-odontologica\src\main\java\com\DentalElite\clinica_odontologica\Controller\AuthController.java. Using fallback presentation compiler.
2026.04.20 23:18:57 WARN  Running javac-semanticdb failed for file:///C:/Users/Jherson%20Silva/Documents/Dental-Elite2/Backend/clinica-odontologica/src/main/java/com/DentalElite/clinica_odontologica/Controller/AuthController.java. Output:

2026.04.20 23:18:58 INFO  QDox parse error in file:///C:/Users/Jherson%20Silva/Documents/Dental-Elite2/Backend/clinica-odontologica/src/main/java/com/DentalElite/clinica_odontologica/Controller/AuthController.java (full report at: "C:\Users\Jherson Silva\Documents\Dental-Elite2\.metals\.reports\metals-full\2026-04-20\r_qdox-error_23-17-41-284.md")
2026.04.20 23:18:58 WARN  no build target for: C:\Users\Jherson Silva\Documents\Dental-Elite2\Backend\clinica-odontologica\src\main\java\com\DentalElite\clinica_odontologica\Controller\AuthController.java
2026.04.20 23:18:58 INFO  no build target found for C:\Users\Jherson Silva\Documents\Dental-Elite2\Backend\clinica-odontologica\src\main\java\com\DentalElite\clinica_odontologica\Controller\AuthController.java. Using fallback presentation compiler.
2026.04.20 23:18:59 INFO  no build target found for C:\Users\Jherson Silva\Documents\Dental-Elite2\Backend\clinica-odontologica\src\main\java\com\DentalElite\clinica_odontologica\Controller\AuthController.java. Using fallback presentation compiler.
2026.04.20 23:18:59 INFO  QDox parse error in file:///C:/Users/Jherson%20Silva/Documents/Dental-Elite2/Backend/clinica-odontologica/src/main/java/com/DentalElite/clinica_odontologica/Controller/AuthController.java (full report at: "C:\Users\Jherson Silva\Documents\Dental-Elite2\.metals\.reports\metals-full\2026-04-20\r_qdox-error_23-17-41-284.md")
2026.04.20 23:18:59 INFO  no build target found for C:\Users\Jherson Silva\Documents\Dental-Elite2\Backend\clinica-odontologica\src\main\java\com\DentalElite\clinica_odontologica\Controller\AuthController.java. Using fallback presentation compiler.
2026.04.20 23:18:59 INFO  no build target found for C:\Users\Jherson Silva\Documents\Dental-Elite2\Backend\clinica-odontologica\src\main\java\com\DentalElite\clinica_odontologica\Controller\AuthController.java. Using fallback presentation compiler.
2026.04.20 23:18:59 WARN  Running javac-semanticdb failed for file:///C:/Users/Jherson%20Silva/Documents/Dental-Elite2/Backend/clinica-odontologica/src/main/java/com/DentalElite/clinica_odontologica/Controller/AuthController.java. Output:

2026.04.20 23:18:59 INFO  QDox parse error in file:///C:/Users/Jherson%20Silva/Documents/Dental-Elite2/Backend/clinica-odontologica/src/main/java/com/DentalElite/clinica_odontologica/Controller/AuthController.java (full report at: "C:\Users\Jherson Silva\Documents\Dental-Elite2\.metals\.reports\metals-full\2026-04-20\r_qdox-error_23-17-41-284.md")
2026.04.20 23:18:59 INFO  no build target found for C:\Users\Jherson Silva\Documents\Dental-Elite2\Backend\clinica-odontologica\src\main\java\com\DentalElite\clinica_odontologica\Controller\AuthController.java. Using fallback presentation compiler.
2026.04.20 23:18:59 INFO  no build target found for C:\Users\Jherson Silva\Documents\Dental-Elite2\Backend\clinica-odontologica\src\main\java\com\DentalElite\clinica_odontologica\Controller\AuthController.java. Using fallback presentation compiler.
2026.04.20 23:18:59 INFO  QDox parse error in file:///C:/Users/Jherson%20Silva/Documents/Dental-Elite2/Backend/clinica-odontologica/src/main/java/com/DentalElite/clinica_odontologica/Controller/AuthController.java (full report at: "C:\Users\Jherson Silva\Documents\Dental-Elite2\.metals\.reports\metals-full\2026-04-20\r_qdox-error_23-17-41-284.md")
abr 20, 2026 11:18:59 P. M. org.eclipse.lsp4j.jsonrpc.RemoteEndpoint handleCancellation
WARNING: Unmatched cancel notification for request id 259
2026.04.20 23:18:59 INFO  no build target found for C:\Users\Jherson Silva\Documents\Dental-Elite2\Backend\clinica-odontologica\src\main\java\com\DentalElite\clinica_odontologica\Controller\AuthController.java. Using fallback presentation compiler.
2026.04.20 23:18:59 INFO  no build target found for C:\Users\Jherson Silva\Documents\Dental-Elite2\Backend\clinica-odontologica\src\main\java\com\DentalElite\clinica_odontologica\Controller\AuthController.java. Using fallback presentation compiler.
2026.04.20 23:18:59 INFO  no build target found for C:\Users\Jherson Silva\Documents\Dental-Elite2\Backend\clinica-odontologica\src\main\java\com\DentalElite\clinica_odontologica\Controller\AuthController.java. Using fallback presentation compiler.
2026.04.20 23:18:59 INFO  no build target found for C:\Users\Jherson Silva\Documents\Dental-Elite2\Backend\clinica-odontologica\src\main\java\com\DentalElite\clinica_odontologica\Controller\AuthController.java. Using fallback presentation compiler.
2026.04.20 23:18:59 INFO  no build target found for C:\Users\Jherson Silva\Documents\Dental-Elite2\Backend\clinica-odontologica\src\main\java\com\DentalElite\clinica_odontologica\Controller\AuthController.java. Using fallback presentation compiler.
2026.04.20 23:19:00 INFO  no build target found for C:\Users\Jherson Silva\Documents\Dental-Elite2\Backend\clinica-odontologica\src\main\java\com\DentalElite\clinica_odontologica\Controller\AuthController.java. Using fallback presentation compiler.
2026.04.20 23:19:00 INFO  no build target found for C:\Users\Jherson Silva\Documents\Dental-Elite2\Backend\clinica-odontologica\src\main\java\com\DentalElite\clinica_odontologica\Controller\AuthController.java. Using fallback presentation compiler.
abr 20, 2026 11:19:00 P. M. org.eclipse.lsp4j.jsonrpc.RemoteEndpoint handleCancellation
WARNING: Unmatched cancel notification for request id 268
2026.04.20 23:19:00 INFO  no build target found for C:\Users\Jherson Silva\Documents\Dental-Elite2\Backend\clinica-odontologica\src\main\java\com\DentalElite\clinica_odontologica\Controller\AuthController.java. Using fallback presentation compiler.
2026.04.20 23:19:00 INFO  no build target found for C:\Users\Jherson Silva\Documents\Dental-Elite2\Backend\clinica-odontologica\src\main\java\com\DentalElite\clinica_odontologica\Controller\AuthController.java. Using fallback presentation compiler.
2026.04.20 23:19:00 INFO  no build target found for C:\Users\Jherson Silva\Documents\Dental-Elite2\Backend\clinica-odontologica\src\main\java\com\DentalElite\clinica_odontologica\Controller\AuthController.java. Using fallback presentation compiler.
2026.04.20 23:18:59 WARN  no build target for: C:\Users\Jherson Silva\Documents\Dental-Elite2\Backend\clinica-odontologica\src\main\java\com\DentalElite\clinica_odontologica\Controller\AuthController.java
2026.04.20 23:19:00 INFO  no build target found for C:\Users\Jherson Silva\Documents\Dental-Elite2\Backend\clinica-odontologica\src\main\java\com\DentalElite\clinica_odontologica\Controller\AuthController.java. Using fallback presentation compiler.
2026.04.20 23:19:00 INFO  no build target found for C:\Users\Jherson Silva\Documents\Dental-Elite2\Backend\clinica-odontologica\src\main\java\com\DentalElite\clinica_odontologica\Controller\AuthController.java. Using fallback presentation compiler.
2026.04.20 23:19:00 INFO  no build target found for C:\Users\Jherson Silva\Documents\Dental-Elite2\Backend\clinica-odontologica\src\main\java\com\DentalElite\clinica_odontologica\Controller\AuthController.java. Using fallback presentation compiler.
2026.04.20 23:19:01 WARN  no build target for: C:\Users\Jherson Silva\Documents\Dental-Elite2\Backend\clinica-odontologica\src\main\java\com\DentalElite\clinica_odontologica\Controller\PacienteController.java
2026.04.20 23:19:01 INFO  no build target found for C:\Users\Jherson Silva\Documents\Dental-Elite2\Backend\clinica-odontologica\src\main\java\com\DentalElite\clinica_odontologica\Controller\PacienteController.java. Using fallback presentation compiler.
2026.04.20 23:19:02 WARN  Running javac-semanticdb failed for file:///C:/Users/Jherson%20Silva/Documents/Dental-Elite2/Backend/clinica-odontologica/src/main/java/com/DentalElite/clinica_odontologica/Controller/PacienteController.java. Output:

2026.04.20 23:19:02 INFO  no build target found for C:\Users\Jherson Silva\Documents\Dental-Elite2\Backend\clinica-odontologica\src\main\java\com\DentalElite\clinica_odontologica\Controller\PacienteController.java. Using fallback presentation compiler.
abr 20, 2026 11:19:02 P. M. org.eclipse.lsp4j.jsonrpc.RemoteEndpoint handleCancellation
WARNING: Unmatched cancel notification for request id 277
2026.04.20 23:19:01 INFO  no build target found for C:\Users\Jherson Silva\Documents\Dental-Elite2\Backend\clinica-odontologica\src\main\java\com\DentalElite\clinica_odontologica\Controller\PacienteController.java. Using fallback presentation compiler.
2026.04.20 23:19:02 INFO  no build target found for C:\Users\Jherson Silva\Documents\Dental-Elite2\Backend\clinica-odontologica\src\main\java\com\DentalElite\clinica_odontologica\Controller\PacienteController.java. Using fallback presentation compiler.
2026.04.20 23:19:01 INFO  no build target found for C:\Users\Jherson Silva\Documents\Dental-Elite2\Backend\clinica-odontologica\src\main\java\com\DentalElite\clinica_odontologica\Controller\PacienteController.java. Using fallback presentation compiler.
2026.04.20 23:19:03 INFO  no build target found for C:\Users\Jherson Silva\Documents\Dental-Elite2\Backend\clinica-odontologica\src\main\java\com\DentalElite\clinica_odontologica\Controller\PacienteController.java. Using fallback presentation compiler.
2026.04.20 23:19:05 INFO  no build target found for C:\Users\Jherson Silva\Documents\Dental-Elite2\Backend\clinica-odontologica\src\main\java\com\DentalElite\clinica_odontologica\Controller\PacienteController.java. Using fallback presentation compiler.
2026.04.20 23:19:07 INFO  no build target found for C:\Users\Jherson Silva\Documents\Dental-Elite2\Backend\clinica-odontologica\src\main\java\com\DentalElite\clinica_odontologica\Controller\AuthController.java. Using fallback presentation compiler.
2026.04.20 23:19:07 WARN  no build target for: C:\Users\Jherson Silva\Documents\Dental-Elite2\Backend\clinica-odontologica\src\main\java\com\DentalElite\clinica_odontologica\Controller\AuthController.java
2026.04.20 23:19:07 INFO  no build target found for C:\Users\Jherson Silva\Documents\Dental-Elite2\Backend\clinica-odontologica\src\main\java\com\DentalElite\clinica_odontologica\Controller\AuthController.java. Using fallback presentation compiler.
2026.04.20 23:19:07 INFO  no build target found for C:\Users\Jherson Silva\Documents\Dental-Elite2\Backend\clinica-odontologica\src\main\java\com\DentalElite\clinica_odontologica\Controller\AuthController.java. Using fallback presentation compiler.
2026.04.20 23:19:07 INFO  no build target found for C:\Users\Jherson Silva\Documents\Dental-Elite2\Backend\clinica-odontologica\src\main\java\com\DentalElite\clinica_odontologica\Controller\AuthController.java. Using fallback presentation compiler.
2026.04.20 23:19:07 INFO  no build target found for C:\Users\Jherson Silva\Documents\Dental-Elite2\Backend\clinica-odontologica\src\main\java\com\DentalElite\clinica_odontologica\Controller\AuthController.java. Using fallback presentation compiler.
2026.04.20 23:19:08 WARN  no build target for: C:\Users\Jherson Silva\Documents\Dental-Elite2\Backend\clinica-odontologica\src\main\java\com\DentalElite\clinica_odontologica\Model\Catalogo_servicios.java
2026.04.20 23:19:08 INFO  no build target found for C:\Users\Jherson Silva\Documents\Dental-Elite2\Backend\clinica-odontologica\src\main\java\com\DentalElite\clinica_odontologica\Model\Catalogo_servicios.java. Using fallback presentation compiler.
2026.04.20 23:19:08 WARN  Running javac-semanticdb failed for file:///C:/Users/Jherson%20Silva/Documents/Dental-Elite2/Backend/clinica-odontologica/src/main/java/com/DentalElite/clinica_odontologica/Model/Catalogo_servicios.java. Output:

2026.04.20 23:19:07 INFO  no build target found for C:\Users\Jherson Silva\Documents\Dental-Elite2\Backend\clinica-odontologica\src\main\java\com\DentalElite\clinica_odontologica\Model\Catalogo_servicios.java. Using fallback presentation compiler.
abr 20, 2026 11:19:08 P. M. org.eclipse.lsp4j.jsonrpc.RemoteEndpoint handleCancellation
WARNING: Unmatched cancel notification for request id 298
2026.04.20 23:19:08 INFO  no build target found for C:\Users\Jherson Silva\Documents\Dental-Elite2\Backend\clinica-odontologica\src\main\java\com\DentalElite\clinica_odontologica\Model\Catalogo_servicios.java. Using fallback presentation compiler.
2026.04.20 23:19:08 INFO  no build target found for C:\Users\Jherson Silva\Documents\Dental-Elite2\Backend\clinica-odontologica\src\main\java\com\DentalElite\clinica_odontologica\Model\Catalogo_servicios.java. Using fallback presentation compiler.
2026.04.20 23:19:08 INFO  no build target found for C:\Users\Jherson Silva\Documents\Dental-Elite2\Backend\clinica-odontologica\src\main\java\com\DentalElite\clinica_odontologica\Model\Catalogo_servicios.java. Using fallback presentation compiler.
2026.04.20 23:19:10 WARN  no build target for: C:\Users\Jherson Silva\Documents\Dental-Elite2\Backend\clinica-odontologica\src\main\java\com\DentalElite\clinica_odontologica\Model\Citas.java
2026.04.20 23:19:10 INFO  no build target found for C:\Users\Jherson Silva\Documents\Dental-Elite2\Backend\clinica-odontologica\src\main\java\com\DentalElite\clinica_odontologica\Model\Citas.java. Using fallback presentation compiler.
2026.04.20 23:19:10 WARN  Running javac-semanticdb failed for file:///C:/Users/Jherson%20Silva/Documents/Dental-Elite2/Backend/clinica-odontologica/src/main/java/com/DentalElite/clinica_odontologica/Model/Citas.java. Output:

2026.04.20 23:19:10 INFO  no build target found for C:\Users\Jherson Silva\Documents\Dental-Elite2\Backend\clinica-odontologica\src\main\java\com\DentalElite\clinica_odontologica\Model\Citas.java. Using fallback presentation compiler.
2026.04.20 23:19:10 INFO  no build target found for C:\Users\Jherson Silva\Documents\Dental-Elite2\Backend\clinica-odontologica\src\main\java\com\DentalElite\clinica_odontologica\Model\Citas.java. Using fallback presentation compiler.
2026.04.20 23:19:10 INFO  no build target found for C:\Users\Jherson Silva\Documents\Dental-Elite2\Backend\clinica-odontologica\src\main\java\com\DentalElite\clinica_odontologica\Model\Citas.java. Using fallback presentation compiler.
2026.04.20 23:19:10 INFO  no build target found for C:\Users\Jherson Silva\Documents\Dental-Elite2\Backend\clinica-odontologica\src\main\java\com\DentalElite\clinica_odontologica\Model\Citas.java. Using fallback presentation compiler.
2026.04.20 23:19:12 WARN  no build target for: C:\Users\Jherson Silva\Documents\Dental-Elite2\Backend\clinica-odontologica\src\main\java\com\DentalElite\clinica_odontologica\Model\Usuario.java
2026.04.20 23:19:12 INFO  no build target found for C:\Users\Jherson Silva\Documents\Dental-Elite2\Backend\clinica-odontologica\src\main\java\com\DentalElite\clinica_odontologica\Model\Usuario.java. Using fallback presentation compiler.
2026.04.20 23:19:12 WARN  Running javac-semanticdb failed for file:///C:/Users/Jherson%20Silva/Documents/Dental-Elite2/Backend/clinica-odontologica/src/main/java/com/DentalElite/clinica_odontologica/Model/Usuario.java. Output:

2026.04.20 23:19:12 INFO  no build target found for C:\Users\Jherson Silva\Documents\Dental-Elite2\Backend\clinica-odontologica\src\main\java\com\DentalElite\clinica_odontologica\Model\Usuario.java. Using fallback presentation compiler.
abr 20, 2026 11:19:12 P. M. org.eclipse.lsp4j.jsonrpc.RemoteEndpoint handleCancellation
WARNING: Unmatched cancel notification for request id 316
2026.04.20 23:19:12 INFO  no build target found for C:\Users\Jherson Silva\Documents\Dental-Elite2\Backend\clinica-odontologica\src\main\java\com\DentalElite\clinica_odontologica\Model\Usuario.java. Using fallback presentation compiler.
2026.04.20 23:19:12 INFO  no build target found for C:\Users\Jherson Silva\Documents\Dental-Elite2\Backend\clinica-odontologica\src\main\java\com\DentalElite\clinica_odontologica\Model\Usuario.java. Using fallback presentation compiler.
2026.04.20 23:19:12 INFO  no build target found for C:\Users\Jherson Silva\Documents\Dental-Elite2\Backend\clinica-odontologica\src\main\java\com\DentalElite\clinica_odontologica\Model\Usuario.java. Using fallback presentation compiler.
2026.04.20 23:19:13 INFO  no build target found for C:\Users\Jherson Silva\Documents\Dental-Elite2\Backend\clinica-odontologica\src\main\java\com\DentalElite\clinica_odontologica\Model\Usuario.java. Using fallback presentation compiler.
2026.04.20 23:19:18 INFO  no build target found for C:\Users\Jherson Silva\Documents\Dental-Elite2\Backend\clinica-odontologica\src\main\java\com\DentalElite\clinica_odontologica\Model\Usuario.java. Using fallback presentation compiler.
2026.04.20 23:19:18 INFO  no build target found for C:\Users\Jherson Silva\Documents\Dental-Elite2\Backend\clinica-odontologica\src\main\java\com\DentalElite\clinica_odontologica\Model\Usuario.java. Using fallback presentation compiler.
2026.04.20 23:19:22 INFO  no build target found for C:\Users\Jherson Silva\Documents\Dental-Elite2\Backend\clinica-odontologica\src\main\java\com\DentalElite\clinica_odontologica\Controller\AuthController.java. Using fallback presentation compiler.
2026.04.20 23:19:22 WARN  no build target for: C:\Users\Jherson Silva\Documents\Dental-Elite2\Backend\clinica-odontologica\src\main\java\com\DentalElite\clinica_odontologica\Controller\AuthController.java
2026.04.20 23:19:22 INFO  no build target found for C:\Users\Jherson Silva\Documents\Dental-Elite2\Backend\clinica-odontologica\src\main\java\com\DentalElite\clinica_odontologica\Controller\AuthController.java. Using fallback presentation compiler.
abr 20, 2026 11:19:22 P. M. org.eclipse.lsp4j.jsonrpc.RemoteEndpoint handleCancellation
WARNING: Unmatched cancel notification for request id 331
2026.04.20 23:19:22 INFO  no build target found for C:\Users\Jherson Silva\Documents\Dental-Elite2\Backend\clinica-odontologica\src\main\java\com\DentalElite\clinica_odontologica\Controller\AuthController.java. Using fallback presentation compiler.
2026.04.20 23:19:22 INFO  no build target found for C:\Users\Jherson Silva\Documents\Dental-Elite2\Backend\clinica-odontologica\src\main\java\com\DentalElite\clinica_odontologica\Controller\AuthController.java. Using fallback presentation compiler.
2026.04.20 23:19:22 INFO  no build target found for C:\Users\Jherson Silva\Documents\Dental-Elite2\Backend\clinica-odontologica\src\main\java\com\DentalElite\clinica_odontologica\Controller\AuthController.java. Using fallback presentation compiler.
2026.04.20 23:19:23 INFO  no build target found for C:\Users\Jherson Silva\Documents\Dental-Elite2\Backend\clinica-odontologica\src\main\java\com\DentalElite\clinica_odontologica\Controller\AuthController.java. Using fallback presentation compiler.
2026.04.20 23:19:23 INFO  no build target found for C:\Users\Jherson Silva\Documents\Dental-Elite2\Backend\clinica-odontologica\src\main\java\com\DentalElite\clinica_odontologica\Controller\AuthController.java. Using fallback presentation compiler.
2026.04.20 23:19:24 INFO  no build target found for C:\Users\Jherson Silva\Documents\Dental-Elite2\Backend\clinica-odontologica\src\main\java\com\DentalElite\clinica_odontologica\Controller\AuthController.java. Using fallback presentation compiler.
2026.04.20 23:19:24 INFO  no build target found for C:\Users\Jherson Silva\Documents\Dental-Elite2\Backend\clinica-odontologica\src\main\java\com\DentalElite\clinica_odontologica\Controller\AuthController.java. Using fallback presentation compiler.
2026.04.20 23:19:24 INFO  no build target found for C:\Users\Jherson Silva\Documents\Dental-Elite2\Backend\clinica-odontologica\src\main\java\com\DentalElite\clinica_odontologica\Controller\AuthController.java. Using fallback presentation compiler.
2026.04.20 23:20:16 INFO  no build target found for C:\Users\Jherson Silva\Documents\Dental-Elite2\Backend\clinica-odontologica\src\main\java\com\DentalElite\clinica_odontologica\Repository\PacienteRepository.java. Using fallback presentation compiler.
2026.04.20 23:20:16 WARN  no build target for: C:\Users\Jherson Silva\Documents\Dental-Elite2\Backend\clinica-odontologica\src\main\java\com\DentalElite\clinica_odontologica\Repository\PacienteRepository.java
2026.04.20 23:20:16 INFO  no build target found for C:\Users\Jherson Silva\Documents\Dental-Elite2\Backend\clinica-odontologica\src\main\java\com\DentalElite\clinica_odontologica\Repository\PacienteRepository.java. Using fallback presentation compiler.
2026.04.20 23:20:18 INFO  no build target found for C:\Users\Jherson Silva\Documents\Dental-Elite2\Backend\clinica-odontologica\src\main\java\com\DentalElite\clinica_odontologica\Controller\AuthController.java. Using fallback presentation compiler.
2026.04.20 23:20:18 WARN  no build target for: C:\Users\Jherson Silva\Documents\Dental-Elite2\Backend\clinica-odontologica\src\main\java\com\DentalElite\clinica_odontologica\Controller\AuthController.java
2026.04.20 23:20:18 INFO  no build target found for C:\Users\Jherson Silva\Documents\Dental-Elite2\Backend\clinica-odontologica\src\main\java\com\DentalElite\clinica_odontologica\Controller\AuthController.java. Using fallback presentation compiler.
2026.04.20 23:20:18 INFO  no build target found for C:\Users\Jherson Silva\Documents\Dental-Elite2\Backend\clinica-odontologica\src\main\java\com\DentalElite\clinica_odontologica\Controller\AuthController.java. Using fallback presentation compiler.
abr 20, 2026 11:20:18 P. M. org.eclipse.lsp4j.jsonrpc.RemoteEndpoint handleCancellation
WARNING: Unmatched cancel notification for request id 353
2026.04.20 23:20:18 INFO  no build target found for C:\Users\Jherson Silva\Documents\Dental-Elite2\Backend\clinica-odontologica\src\main\java\com\DentalElite\clinica_odontologica\Controller\AuthController.java. Using fallback presentation compiler.
2026.04.20 23:20:18 INFO  no build target found for C:\Users\Jherson Silva\Documents\Dental-Elite2\Backend\clinica-odontologica\src\main\java\com\DentalElite\clinica_odontologica\Controller\AuthController.java. Using fallback presentation compiler.
2026.04.20 23:20:24 INFO  no build target found for C:\Users\Jherson Silva\Documents\Dental-Elite2\Backend\clinica-odontologica\src\main\java\com\DentalElite\clinica_odontologica\Controller\AuthController.java. Using fallback presentation compiler.
2026.04.20 23:21:05 INFO  no build target found for C:\Users\Jherson Silva\Documents\Dental-Elite2\Backend\clinica-odontologica\src\main\java\com\DentalElite\clinica_odontologica\Controller\AuthController.java. Using fallback presentation compiler.
2026.04.20 23:21:34 INFO  no build target found for C:\Users\Jherson Silva\Documents\Dental-Elite2\Backend\clinica-odontologica\src\main\java\com\DentalElite\clinica_odontologica\Repository\UsuarioRepository.java. Using fallback presentation compiler.
2026.04.20 23:22:02 INFO  no build target found for C:\Users\Jherson Silva\Documents\Dental-Elite2\Backend\clinica-odontologica\src\main\java\com\DentalElite\clinica_odontologica\Controller\PacienteController.java. Using fallback presentation compiler.
2026.04.20 23:22:08 INFO  no build target found for C:\Users\Jherson Silva\Documents\Dental-Elite2\Backend\clinica-odontologica\src\main\java\com\DentalElite\clinica_odontologica\Model\Catalogo_servicios.java. Using fallback presentation compiler.
2026.04.20 23:22:08 INFO  no build target found for C:\Users\Jherson Silva\Documents\Dental-Elite2\Backend\clinica-odontologica\src\main\java\com\DentalElite\clinica_odontologica\Controller\AuthController.java. Using fallback presentation compiler.
2026.04.20 23:22:10 INFO  no build target found for C:\Users\Jherson Silva\Documents\Dental-Elite2\Backend\clinica-odontologica\src\main\java\com\DentalElite\clinica_odontologica\Model\Citas.java. Using fallback presentation compiler.
2026.04.20 23:22:12 INFO  no build target found for C:\Users\Jherson Silva\Documents\Dental-Elite2\Backend\clinica-odontologica\src\main\java\com\DentalElite\clinica_odontologica\Model\Usuario.java. Using fallback presentation compiler.
2026.04.20 23:22:26 INFO  no build target found for C:\Users\Jherson Silva\Documents\Dental-Elite2\Backend\clinica-odontologica\src\main\java\com\DentalElite\clinica_odontologica\Controller\AuthController.java. Using fallback presentation compiler.
2026.04.20 23:22:31 INFO  no build target found for C:\Users\Jherson Silva\Documents\Dental-Elite2\Backend\clinica-odontologica\src\main\java\com\DentalElite\clinica_odontologica\Controller\AuthController.java. Using fallback presentation compiler.
2026.04.20 23:22:33 INFO  no build target found for C:\Users\Jherson Silva\Documents\Dental-Elite2\Backend\clinica-odontologica\src\main\java\com\DentalElite\clinica_odontologica\Repository\PacienteRepository.java. Using fallback presentation compiler.
2026.04.20 23:22:33 INFO  no build target found for C:\Users\Jherson Silva\Documents\Dental-Elite2\Backend\clinica-odontologica\src\main\java\com\DentalElite\clinica_odontologica\Controller\AuthController.java. Using fallback presentation compiler.
2026.04.20 23:22:33 INFO  no build target found for C:\Users\Jherson Silva\Documents\Dental-Elite2\Backend\clinica-odontologica\src\main\java\com\DentalElite\clinica_odontologica\Repository\PacienteRepository.java. Using fallback presentation compiler.
2026.04.20 23:22:34 WARN  no build target for: C:\Users\Jherson Silva\Documents\Dental-Elite2\Backend\clinica-odontologica\src\main\java\com\DentalElite\clinica_odontologica\Repository\PacienteRepository.java
2026.04.20 23:22:33 INFO  no build target found for C:\Users\Jherson Silva\Documents\Dental-Elite2\Backend\clinica-odontologica\src\main\java\com\DentalElite\clinica_odontologica\Repository\PacienteRepository.java. Using fallback presentation compiler.
abr 20, 2026 11:22:34 P. M. org.eclipse.lsp4j.jsonrpc.RemoteEndpoint handleCancellation
WARNING: Unmatched cancel notification for request id 374
2026.04.20 23:22:34 INFO  no build target found for C:\Users\Jherson Silva\Documents\Dental-Elite2\Backend\clinica-odontologica\src\main\java\com\DentalElite\clinica_odontologica\Repository\PacienteRepository.java. Using fallback presentation compiler.
2026.04.20 23:22:33 INFO  no build target found for C:\Users\Jherson Silva\Documents\Dental-Elite2\Backend\clinica-odontologica\src\main\java\com\DentalElite\clinica_odontologica\Repository\PacienteRepository.java. Using fallback presentation compiler.
2026.04.20 23:22:34 INFO  no build target found for C:\Users\Jherson Silva\Documents\Dental-Elite2\Backend\clinica-odontologica\src\main\java\com\DentalElite\clinica_odontologica\Repository\PacienteRepository.java. Using fallback presentation compiler.
2026.04.20 23:22:34 INFO  no build target found for C:\Users\Jherson Silva\Documents\Dental-Elite2\Backend\clinica-odontologica\src\main\java\com\DentalElite\clinica_odontologica\Repository\PacienteRepository.java. Using fallback presentation compiler.
2026.04.20 23:22:35 INFO  no build target found for C:\Users\Jherson Silva\Documents\Dental-Elite2\Backend\clinica-odontologica\src\main\java\com\DentalElite\clinica_odontologica\Repository\PacienteRepository.java. Using fallback presentation compiler.
2026.04.20 23:22:37 INFO  no build target found for C:\Users\Jherson Silva\Documents\Dental-Elite2\Backend\clinica-odontologica\src\main\java\com\DentalElite\clinica_odontologica\Controller\AuthController.java. Using fallback presentation compiler.
2026.04.20 23:22:37 INFO  no build target found for C:\Users\Jherson Silva\Documents\Dental-Elite2\Backend\clinica-odontologica\src\main\java\com\DentalElite\clinica_odontologica\Repository\PacienteRepository.java. Using fallback presentation compiler.
2026.04.20 23:22:38 INFO  no build target found for C:\Users\Jherson Silva\Documents\Dental-Elite2\Backend\clinica-odontologica\src\main\java\com\DentalElite\clinica_odontologica\Controller\AuthController.java. Using fallback presentation compiler.
2026.04.20 23:22:39 WARN  no build target for: C:\Users\Jherson Silva\Documents\Dental-Elite2\Backend\clinica-odontologica\src\main\java\com\DentalElite\clinica_odontologica\Controller\AuthController.java
2026.04.20 23:22:38 INFO  no build target found for C:\Users\Jherson Silva\Documents\Dental-Elite2\Backend\clinica-odontologica\src\main\java\com\DentalElite\clinica_odontologica\Controller\AuthController.java. Using fallback presentation compiler.
2026.04.20 23:22:39 INFO  no build target found for C:\Users\Jherson Silva\Documents\Dental-Elite2\Backend\clinica-odontologica\src\main\java\com\DentalElite\clinica_odontologica\Controller\AuthController.java. Using fallback presentation compiler.
2026.04.20 23:22:38 INFO  no build target found for C:\Users\Jherson Silva\Documents\Dental-Elite2\Backend\clinica-odontologica\src\main\java\com\DentalElite\clinica_odontologica\Controller\AuthController.java. Using fallback presentation compiler.
abr 20, 2026 11:22:39 P. M. org.eclipse.lsp4j.jsonrpc.RemoteEndpoint handleCancellation
WARNING: Unmatched cancel notification for request id 388
2026.04.20 23:22:38 INFO  no build target found for C:\Users\Jherson Silva\Documents\Dental-Elite2\Backend\clinica-odontologica\src\main\java\com\DentalElite\clinica_odontologica\Controller\AuthController.java. Using fallback presentation compiler.
2026.04.20 23:22:40 INFO  no build target found for C:\Users\Jherson Silva\Documents\Dental-Elite2\Backend\clinica-odontologica\src\main\java\com\DentalElite\clinica_odontologica\Controller\AuthController.java. Using fallback presentation compiler.
2026.04.20 23:22:40 INFO  no build target found for C:\Users\Jherson Silva\Documents\Dental-Elite2\Backend\clinica-odontologica\src\main\java\com\DentalElite\clinica_odontologica\Controller\AuthController.java. Using fallback presentation compiler.
2026.04.20 23:23:47 INFO  Shutting down server
2026.04.20 23:23:47 INFO  Memory monitor stopped
2026.04.20 23:23:47 INFO  shutting down Metals
2026.04.20 23:23:47 INFO  Exiting server
2026.04.21 19:53:42 INFO  Started: Metals version 1.6.7 in folders 'C:\Users\Jherson Silva\Documents\Dental-Elite2' for client Visual Studio Code 1.116.0.
2026.04.21 19:53:42 INFO  Memory monitor started
2026.04.21 19:53:45 WARN  Using H2 2.4.240 which is newer than the version Flyway has been verified with. The latest verified version of H2 is 2.3.232.
2026.04.21 19:53:45 WARN  no build tool detected in workspace 'C:\Users\Jherson Silva\Documents\Dental-Elite2'. The most common cause for this problem is that the editor was opened in the wrong working directory, for example if you use sbt then the workspace directory should contain build.sbt. 
2026.04.21 19:53:45 WARN  Build server is not auto-connectable.
